<?xml version="1.0" encoding="UTF-8"?>
<!-- Generated by org.testng.reporters.JUnitXMLReporter -->
<testsuite ignored="0" hostname="DESKTOP-IVHRL9V" failures="0" tests="4" name="Test" time="0.069" errors="0" timestamp="2024-11-27T12:05:54 IST">
  <testcase classname="TestNG.script01" name="Testcase" time="0.013"/>
  <testcase classname="TestNG.script01" name="Testcase1" time="0.002"/>
  <testcase classname="TestNG.script02" name="Testcase" time="0.002"/>
  <testcase classname="TestNG.script02" name="Testcase2" time="0.002"/>
</testsuite> <!-- Test -->
